Start testing: Mar 27 11:14 W. Europe Standard Time
----------------------------------------------------------
1/1 Testing: helloworldTests
1/1 Test: helloworldTests
Command: "C:/Users/joel.birath/WORK/projects/helloworld/build/test/helloworldTests.exe"
Directory: C:/Users/joel.birath/WORK/projects/helloworld/build/test
"helloworldTests" start time: Mar 27 11:14 W. Europe Standard Time
Output:
----------------------------------------------------------
Running main() from C:\Users\joel.birath\WORK\projects\helloworld\googletest\googletest\src\gtest_main.cc
[==========] Running 2 tests from 2 test suites.
[----------] Global test environment set-up.
[----------] 1 test from helloworldTests1
[ RUN      ] helloworldTests1.FunctionsTests1
[       OK ] helloworldTests1.FunctionsTests1 (0 ms)
[----------] 1 test from helloworldTests1 (0 ms total)

[----------] 1 test from helloworldTests2
[ RUN      ] helloworldTests2.FunctionTests1
[       OK ] helloworldTests2.FunctionTests1 (0 ms)
[----------] 1 test from helloworldTests2 (0 ms total)

[----------] Global test environment tear-down
[==========] 2 tests from 2 test suites ran. (1 ms total)
[  PASSED  ] 2 tests.
<end of output>
Test time =   0.07 sec
----------------------------------------------------------
Test Passed.
"helloworldTests" end time: Mar 27 11:14 W. Europe Standard Time
"helloworldTests" time elapsed: 00:00:00
----------------------------------------------------------

End testing: Mar 27 11:14 W. Europe Standard Time
