<?xml version="1.0" encoding="UTF-8"?>
<Site BuildName="(empty)"
	BuildStamp="20200327-1004-Experimental"
	Name="(empty)"
	Generator="ctest-3.16.5"
	CompilerName=""
	CompilerVersion=""
	OSName="Windows"
	Hostname="ACE185"
	OSRelease=" Professional"
	OSVersion=" (Build 18363)"
	OSPlatform="AMD64"
	Is64Bits="1"
	VendorString="GenuineIntel"
	VendorID="Intel Corporation"
	FamilyID="6"
	ModelID="14"
	ProcessorCacheSize="-1"
	NumberOfLogicalCPU="8"
	NumberOfPhysicalCPU="4"
	TotalVirtualMemory="15708"
	TotalPhysicalMemory="8028"
	LogicalProcessorsPerPhysical="2"
	ProcessorClockFrequency="2808"
	>
	<Testing>
		<StartDateTime>Mar 27 12:20 W. Europe Standard Time</StartDateTime>
		<StartTestTime>1585308005</StartTestTime>
		<TestList>
			<Test>./test/helloworldTests</Test>
		</TestList>
		<Test Status="passed">
			<Name>helloworldTests</Name>
			<Path>./test</Path>
			<FullName>./test/helloworldTests</FullName>
			<FullCommandLine>C:\Users\joel.birath\WORK\projects\helloworld\build\test\helloworldTests.exe</FullCommandLine>
			<Results>
				<NamedMeasurement type="numeric/double" name="Execution Time">
					<Value>0.0624302</Value>
				</NamedMeasurement>
				<NamedMeasurement type="numeric/double" name="Processors">
					<Value>1</Value>
				</NamedMeasurement>
				<NamedMeasurement type="text/string" name="Completion Status">
					<Value>Completed</Value>
				</NamedMeasurement>
				<NamedMeasurement type="text/string" name="Command Line">
					<Value>C:\Users\joel.birath\WORK\projects\helloworld\build\test\helloworldTests.exe</Value>
				</NamedMeasurement>
				<Measurement>
					<Value encoding="base64" compression="gzip">eJyVkk1vwjAMhu/5FT7SQ6PRI9IO074OSAOVoR2aagolK0GpjZJ0/P01BHWDCVR8iaM89us3Sd4iaqyhkRpHCXxZauBxIpZOWSe2pAxfaSv9RnzM8qnYWdqqyjuxUcbQnqxZi5qoNsor5/+mzlaiDtln6MyrihX3fZSQH2UzCIyLunEDrtXdylmR9lHCq6GVNBFQ+K0tYaOwg5VP290ZPI7coenvpO9BacwKyJdvcIjy3yl/abHymtD1dIzZdAANoztoXDJ8mFgAnrw0CRtcl101kfVjDfBwDt9qIbtm4dKjeSVtuqY9nn6Ky58BrER+qtSZmj8sFs9P4QaOlZz9AAbD6hI=</Value>
				</Measurement>
			</Results>
		</Test>
		<EndDateTime>Mar 27 12:20 W. Europe Standard Time</EndDateTime>
		<EndTestTime>1585308005</EndTestTime>
		<ElapsedMinutes>0</ElapsedMinutes>
	</Testing>
</Site>
